<?xml version="1.0" encoding="UTF-8"?>
<!-- Generated by org.testng.reporters.JUnitReportReporter -->
<testsuite hostname="DESKTOP-E0HGB7H" failures="0" tests="2" name="Parallel.ParaTwo" time="0.072" errors="0" timestamp="2022-05-07T01:15:52 IST" skipped="0">
  <testcase classname="Parallel.ParaTwo" name="anothoerclassmTCno1" time="0.059"/>
  <system-out/>
  <testcase classname="Parallel.ParaTwo" name="anothoerclassmTCno2" time="0.013"/>
  <system-out/>
</testsuite> <!-- Parallel.ParaTwo -->
