<?xml version="1.0" encoding="UTF-8"?>
<!-- Generated by org.testng.reporters.JUnitReportReporter -->
<testsuite hostname="DESKTOP-E0HGB7H" failures="0" tests="2" name="utility.ClassVarifing" time="0.055" errors="0" timestamp="2022-05-07T01:08:55 IST" skipped="0">
  <testcase classname="utility.ClassVarifing" name="VeifyTitlraofLoginPage" time="0.038"/>
  <system-out/>
  <testcase classname="utility.ClassVarifing" name="VerifyURLOfLoginPage" time="0.017"/>
  <system-out/>
</testsuite> <!-- utility.ClassVarifing -->
