<?xml version="1.0" encoding="UTF-8"?>
<!-- Generated by org.testng.reporters.JUnitReportReporter -->
<testsuite hostname="DESKTOP-E0HGB7H" failures="0" tests="1" name="Grouping.One" time="0.008" errors="0" timestamp="2022-05-05T23:21:30 IST" skipped="0">
  <testcase classname="Grouping.One" name="afrtertt" time="0.008"/>
  <system-out/>
</testsuite> <!-- Grouping.One -->
