<?xml version="1.0" encoding="UTF-8"?>
<!-- Generated by org.testng.reporters.JUnitReportReporter -->
<testsuite hostname="DESKTOP-E0HGB7H" failures="0" tests="1" name="Grouping.Two" time="0.010" errors="0" timestamp="2022-05-05T19:57:42 IST" skipped="0">
  <testcase classname="Grouping.Two" name="anothoerclassmTCno1" time="0.010"/>
  <system-out/>
</testsuite> <!-- Grouping.Two -->
