<?xml version="1.0" encoding="UTF-8"?>
<!-- Generated by org.testng.reporters.JUnitReportReporter -->
<testsuite hostname="DESKTOP-E0HGB7H" failures="0" tests="4" name="Parallel.ParaOne" time="0.245" errors="0" timestamp="2022-05-07T01:15:52 IST" skipped="0">
  <testcase classname="Parallel.ParaOne" name="VerifyURLOfLoginPage" time="0.104"/>
  <system-out/>
  <testcase classname="Parallel.ParaOne" name="VeifyTitlraofLoginPage" time="0.097"/>
  <system-out/>
  <testcase classname="Parallel.ParaOne" name="afrte" time="0.039"/>
  <system-out/>
  <testcase classname="Parallel.ParaOne" name="afrter" time="0.005"/>
  <system-out/>
</testsuite> <!-- Parallel.ParaOne -->
